{"C:\\Users\\sonuh\\OneDrive\\Desktop\\PetPuja\\src\\Constants.js": {"path":"C:\\Users\\sonuh\\OneDrive\\Desktop\\PetPuja\\src\\Constants.js","statementMap":{"0":{"start":{"line":2,"column":2},"end":{"line":2,"column":85}}},"fnMap":{},"branchMap":{},"s":{"0":2},"f":{},"b":{},"_coverageSchema":"1a1c01bbd47fc00a2c39e90264f33305004495a9","hash":"ec71d436a9e66ecee40bb8daebb482bc862812d1"}
,"C:\\Users\\sonuh\\OneDrive\\Desktop\\PetPuja\\src\\components\\Body.js": {"path":"C:\\Users\\sonuh\\OneDrive\\Desktop\\PetPuja\\src\\components\\Body.js","statementMap":{"0":{"start":{"line":10,"column":13},"end":{"line":95,"column":1}},"1":{"start":{"line":11,"column":28},"end":{"line":11,"column":51}},"2":{"start":{"line":13,"column":46},"end":{"line":13,"column":58}},"3":{"start":{"line":14,"column":56},"end":{"line":14,"column":68}},"4":{"start":{"line":15,"column":38},"end":{"line":15,"column":50}},"5":{"start":{"line":17,"column":2},"end":{"line":19,"column":9}},"6":{"start":{"line":18,"column":4},"end":{"line":18,"column":16}},"7":{"start":{"line":21,"column":20},"end":{"line":33,"column":3}},"8":{"start":{"line":22,"column":17},"end":{"line":24,"column":5}},"9":{"start":{"line":25,"column":17},"end":{"line":25,"column":34}},"10":{"start":{"line":27,"column":4},"end":{"line":29,"column":6}},"11":{"start":{"line":30,"column":4},"end":{"line":32,"column":6}},"12":{"start":{"line":35,"column":2},"end":{"line":35,"column":24}},"13":{"start":{"line":37,"column":19},"end":{"line":37,"column":30}},"14":{"start":{"line":39,"column":2},"end":{"line":45,"column":3}},"15":{"start":{"line":40,"column":4},"end":{"line":44,"column":6}},"16":{"start":{"line":50,"column":2},"end":{"line":50,"column":35}},"17":{"start":{"line":50,"column":23},"end":{"line":50,"column":35}},"18":{"start":{"line":52,"column":2},"end":{"line":94,"column":4}},"19":{"start":{"line":63,"column":27},"end":{"line":63,"column":56}},"20":{"start":{"line":71,"column":25},"end":{"line":71,"column":63}},"21":{"start":{"line":73,"column":12},"end":{"line":73,"column":41}},"22":{"start":{"line":82,"column":10},"end":{"line":90,"column":12}}},"fnMap":{"0":{"name":"(anonymous_0)","decl":{"start":{"line":10,"column":13},"end":{"line":10,"column":14}},"loc":{"start":{"line":10,"column":19},"end":{"line":95,"column":1}},"line":10},"1":{"name":"(anonymous_1)","decl":{"start":{"line":17,"column":12},"end":{"line":17,"column":13}},"loc":{"start":{"line":17,"column":18},"end":{"line":19,"column":3}},"line":17},"2":{"name":"(anonymous_2)","decl":{"start":{"line":21,"column":20},"end":{"line":21,"column":21}},"loc":{"start":{"line":21,"column":32},"end":{"line":33,"column":3}},"line":21},"3":{"name":"(anonymous_3)","decl":{"start":{"line":63,"column":20},"end":{"line":63,"column":21}},"loc":{"start":{"line":63,"column":27},"end":{"line":63,"column":56}},"line":63},"4":{"name":"(anonymous_4)","decl":{"start":{"line":69,"column":19},"end":{"line":69,"column":20}},"loc":{"start":{"line":69,"column":25},"end":{"line":74,"column":11}},"line":69},"5":{"name":"(anonymous_5)","decl":{"start":{"line":81,"column":33},"end":{"line":81,"column":34}},"loc":{"start":{"line":81,"column":49},"end":{"line":91,"column":9}},"line":81}},"branchMap":{"0":{"loc":{"start":{"line":39,"column":2},"end":{"line":45,"column":3}},"type":"if","locations":[{"start":{"line":39,"column":2},"end":{"line":45,"column":3}},{"start":{},"end":{}}],"line":39},"1":{"loc":{"start":{"line":50,"column":2},"end":{"line":50,"column":35}},"type":"if","locations":[{"start":{"line":50,"column":2},"end":{"line":50,"column":35}},{"start":{},"end":{}}],"line":50},"2":{"loc":{"start":{"line":52,"column":9},"end":{"line":94,"column":3}},"type":"cond-expr","locations":[{"start":{"line":53,"column":4},"end":{"line":53,"column":15}},{"start":{"line":55,"column":4},"end":{"line":93,"column":7}}],"line":52}},"s":{"0":1,"1":8,"2":7,"3":7,"4":7,"5":7,"6":3,"7":7,"8":3,"9":3,"10":3,"11":3,"12":7,"13":7,"14":7,"15":0,"16":7,"17":0,"18":7,"19":1,"20":1,"21":1,"22":29},"f":{"0":8,"1":3,"2":3,"3":1,"4":1,"5":29},"b":{"0":[0,7],"1":[0,7],"2":[3,4]},"_coverageSchema":"1a1c01bbd47fc00a2c39e90264f33305004495a9","hash":"15537417313c9e19417ee789df9fb3a80308f034"}
,"C:\\Users\\sonuh\\OneDrive\\Desktop\\PetPuja\\src\\components\\Header.js": {"path":"C:\\Users\\sonuh\\OneDrive\\Desktop\\PetPuja\\src\\components\\Header.js","statementMap":{"0":{"start":{"line":8,"column":14},"end":{"line":12,"column":1}},"1":{"start":{"line":9,"column":2},"end":{"line":11,"column":6}},"2":{"start":{"line":14,"column":15},"end":{"line":81,"column":1}},"3":{"start":{"line":15,"column":38},"end":{"line":15,"column":53}},"4":{"start":{"line":16,"column":19},"end":{"line":16,"column":30}},"5":{"start":{"line":18,"column":19},"end":{"line":18,"column":42}},"6":{"start":{"line":20,"column":20},"end":{"line":20,"column":60}},"7":{"start":{"line":20,"column":43},"end":{"line":20,"column":59}},"8":{"start":{"line":21,"column":2},"end":{"line":21,"column":36}},"9":{"start":{"line":23,"column":2},"end":{"line":80,"column":4}},"10":{"start":{"line":66,"column":27},"end":{"line":66,"column":47}},"11":{"start":{"line":73,"column":27},"end":{"line":73,"column":46}}},"fnMap":{"0":{"name":"(anonymous_0)","decl":{"start":{"line":8,"column":14},"end":{"line":8,"column":15}},"loc":{"start":{"line":9,"column":2},"end":{"line":11,"column":6}},"line":9},"1":{"name":"(anonymous_1)","decl":{"start":{"line":14,"column":15},"end":{"line":14,"column":16}},"loc":{"start":{"line":14,"column":21},"end":{"line":81,"column":1}},"line":14},"2":{"name":"(anonymous_2)","decl":{"start":{"line":20,"column":32},"end":{"line":20,"column":33}},"loc":{"start":{"line":20,"column":43},"end":{"line":20,"column":59}},"line":20},"3":{"name":"(anonymous_3)","decl":{"start":{"line":66,"column":21},"end":{"line":66,"column":22}},"loc":{"start":{"line":66,"column":27},"end":{"line":66,"column":47}},"line":66},"4":{"name":"(anonymous_4)","decl":{"start":{"line":73,"column":21},"end":{"line":73,"column":22}},"loc":{"start":{"line":73,"column":27},"end":{"line":73,"column":46}},"line":73}},"branchMap":{"0":{"loc":{"start":{"line":59,"column":41},"end":{"line":59,"column":63}},"type":"cond-expr","locations":[{"start":{"line":59,"column":52},"end":{"line":59,"column":56}},{"start":{"line":59,"column":59},"end":{"line":59,"column":63}}],"line":59},"1":{"loc":{"start":{"line":63,"column":9},"end":{"line":77,"column":9}},"type":"cond-expr","locations":[{"start":{"line":64,"column":10},"end":{"line":69,"column":19}},{"start":{"line":71,"column":10},"end":{"line":76,"column":19}}],"line":63}},"s":{"0":2,"1":4,"2":2,"3":4,"4":4,"5":4,"6":4,"7":8,"8":4,"9":4,"10":0,"11":0},"f":{"0":4,"1":4,"2":8,"3":0,"4":0},"b":{"0":[4,0],"1":[0,4]},"_coverageSchema":"1a1c01bbd47fc00a2c39e90264f33305004495a9","hash":"7d08d740d658f118f1a7863220badcfea98dc5c8"}
,"C:\\Users\\sonuh\\OneDrive\\Desktop\\PetPuja\\src\\components\\RestaurantCard.js": {"path":"C:\\Users\\sonuh\\OneDrive\\Desktop\\PetPuja\\src\\components\\RestaurantCard.js","statementMap":{"0":{"start":{"line":4,"column":23},"end":{"line":46,"column":1}},"1":{"start":{"line":12,"column":2},"end":{"line":45,"column":4}}},"fnMap":{"0":{"name":"(anonymous_0)","decl":{"start":{"line":4,"column":23},"end":{"line":4,"column":24}},"loc":{"start":{"line":11,"column":6},"end":{"line":46,"column":1}},"line":11}},"branchMap":{"0":{"loc":{"start":{"line":27,"column":16},"end":{"line":29,"column":46}},"type":"cond-expr","locations":[{"start":{"line":28,"column":20},"end":{"line":28,"column":45}},{"start":{"line":29,"column":20},"end":{"line":29,"column":46}}],"line":27}},"s":{"0":1,"1":29},"f":{"0":29},"b":{"0":[29,0]},"_coverageSchema":"1a1c01bbd47fc00a2c39e90264f33305004495a9","hash":"14c50a4858cfe18987c2f9ce4cec68b5a5ddb055"}
,"C:\\Users\\sonuh\\OneDrive\\Desktop\\PetPuja\\src\\components\\RestrauntMenu.js": {"path":"C:\\Users\\sonuh\\OneDrive\\Desktop\\PetPuja\\src\\components\\RestrauntMenu.js","statementMap":{"0":{"start":{"line":9,"column":23},"end":{"line":59,"column":1}},"1":{"start":{"line":10,"column":17},"end":{"line":10,"column":28}},"2":{"start":{"line":11,"column":35},"end":{"line":11,"column":52}},"3":{"start":{"line":13,"column":19},"end":{"line":13,"column":32}},"4":{"start":{"line":15,"column":24},"end":{"line":17,"column":3}},"5":{"start":{"line":16,"column":4},"end":{"line":16,"column":28}},"6":{"start":{"line":19,"column":2},"end":{"line":58,"column":4}},"7":{"start":{"line":41,"column":12},"end":{"line":53,"column":17}},"8":{"start":{"line":49,"column":31},"end":{"line":49,"column":50}}},"fnMap":{"0":{"name":"(anonymous_0)","decl":{"start":{"line":9,"column":23},"end":{"line":9,"column":24}},"loc":{"start":{"line":9,"column":29},"end":{"line":59,"column":1}},"line":9},"1":{"name":"(anonymous_1)","decl":{"start":{"line":15,"column":24},"end":{"line":15,"column":25}},"loc":{"start":{"line":15,"column":34},"end":{"line":17,"column":3}},"line":15},"2":{"name":"(anonymous_2)","decl":{"start":{"line":40,"column":39},"end":{"line":40,"column":40}},"loc":{"start":{"line":41,"column":12},"end":{"line":53,"column":17}},"line":41},"3":{"name":"(anonymous_3)","decl":{"start":{"line":49,"column":25},"end":{"line":49,"column":26}},"loc":{"start":{"line":49,"column":31},"end":{"line":49,"column":50}},"line":49}},"branchMap":{"0":{"loc":{"start":{"line":19,"column":9},"end":{"line":58,"column":3}},"type":"cond-expr","locations":[{"start":{"line":20,"column":4},"end":{"line":20,"column":15}},{"start":{"line":22,"column":4},"end":{"line":57,"column":10}}],"line":19}},"s":{"0":1,"1":1,"2":1,"3":1,"4":1,"5":0,"6":1,"7":0,"8":0},"f":{"0":1,"1":0,"2":0,"3":0},"b":{"0":[0,1]},"_coverageSchema":"1a1c01bbd47fc00a2c39e90264f33305004495a9","hash":"8d481397d17c5dcc601fa1d7e0049a8d64edb52c"}
,"C:\\Users\\sonuh\\OneDrive\\Desktop\\PetPuja\\src\\components\\Shimmer.js": {"path":"C:\\Users\\sonuh\\OneDrive\\Desktop\\PetPuja\\src\\components\\Shimmer.js","statementMap":{"0":{"start":{"line":1,"column":16},"end":{"line":11,"column":1}},"1":{"start":{"line":2,"column":2},"end":{"line":10,"column":4}},"2":{"start":{"line":7,"column":10},"end":{"line":7,"column":58}}},"fnMap":{"0":{"name":"(anonymous_0)","decl":{"start":{"line":1,"column":16},"end":{"line":1,"column":17}},"loc":{"start":{"line":1,"column":22},"end":{"line":11,"column":1}},"line":1},"1":{"name":"(anonymous_1)","decl":{"start":{"line":6,"column":13},"end":{"line":6,"column":14}},"loc":{"start":{"line":7,"column":10},"end":{"line":7,"column":58}},"line":7}},"branchMap":{},"s":{"0":2,"1":3,"2":60},"f":{"0":3,"1":60},"b":{},"_coverageSchema":"1a1c01bbd47fc00a2c39e90264f33305004495a9","hash":"d8a3cb6dfcb8a1c055e7433849a80af9dcc10657"}
,"C:\\Users\\sonuh\\OneDrive\\Desktop\\PetPuja\\src\\components\\sum.js": {"path":"C:\\Users\\sonuh\\OneDrive\\Desktop\\PetPuja\\src\\components\\sum.js","statementMap":{"0":{"start":{"line":1,"column":19},"end":{"line":1,"column":34}},"1":{"start":{"line":1,"column":29},"end":{"line":1,"column":34}}},"fnMap":{"0":{"name":"(anonymous_0)","decl":{"start":{"line":1,"column":19},"end":{"line":1,"column":20}},"loc":{"start":{"line":1,"column":29},"end":{"line":1,"column":34}},"line":1}},"branchMap":{},"s":{"0":1,"1":1},"f":{"0":1},"b":{},"_coverageSchema":"1a1c01bbd47fc00a2c39e90264f33305004495a9","hash":"f66cae1cecb6a078357505aeeb9402c31a2e8390"}
,"C:\\Users\\sonuh\\OneDrive\\Desktop\\PetPuja\\src\\mocks\\data.js": {"path":"C:\\Users\\sonuh\\OneDrive\\Desktop\\PetPuja\\src\\mocks\\data.js","statementMap":{"0":{"start":{"line":1,"column":25},"end":{"line":163373,"column":1}},"1":{"start":{"line":163375,"column":31},"end":{"line":170321,"column":1}}},"fnMap":{},"branchMap":{},"s":{"0":2,"1":2},"f":{},"b":{},"_coverageSchema":"1a1c01bbd47fc00a2c39e90264f33305004495a9","hash":"62578152d65a3daf555393ea65bd777fed8fb481"}
,"C:\\Users\\sonuh\\OneDrive\\Desktop\\PetPuja\\src\\mocks\\dummyLogo.js": {"path":"C:\\Users\\sonuh\\OneDrive\\Desktop\\PetPuja\\src\\mocks\\dummyLogo.js","statementMap":{},"fnMap":{},"branchMap":{},"s":{},"f":{},"b":{},"_coverageSchema":"1a1c01bbd47fc00a2c39e90264f33305004495a9","hash":"0e7154a3d137f9a1914aa6d71f0f05f03e560916"}
,"C:\\Users\\sonuh\\OneDrive\\Desktop\\PetPuja\\src\\utils\\UserContext.js": {"path":"C:\\Users\\sonuh\\OneDrive\\Desktop\\PetPuja\\src\\utils\\UserContext.js","statementMap":{"0":{"start":{"line":3,"column":20},"end":{"line":8,"column":2}},"1":{"start":{"line":9,"column":0},"end":{"line":9,"column":40}}},"fnMap":{},"branchMap":{},"s":{"0":3,"1":3},"f":{},"b":{},"_coverageSchema":"1a1c01bbd47fc00a2c39e90264f33305004495a9","hash":"eeea0b8046981fb647cbd54496f6afd6f199d50d"}
,"C:\\Users\\sonuh\\OneDrive\\Desktop\\PetPuja\\src\\utils\\cartSlice.js": {"path":"C:\\Users\\sonuh\\OneDrive\\Desktop\\PetPuja\\src\\utils\\cartSlice.js","statementMap":{"0":{"start":{"line":3,"column":18},"end":{"line":19,"column":2}},"1":{"start":{"line":10,"column":6},"end":{"line":10,"column":39}},"2":{"start":{"line":13,"column":6},"end":{"line":13,"column":24}},"3":{"start":{"line":16,"column":6},"end":{"line":16,"column":23}},"4":{"start":{"line":21,"column":50},"end":{"line":21,"column":67}}},"fnMap":{"0":{"name":"(anonymous_0)","decl":{"start":{"line":9,"column":13},"end":{"line":9,"column":14}},"loc":{"start":{"line":9,"column":32},"end":{"line":11,"column":5}},"line":9},"1":{"name":"(anonymous_1)","decl":{"start":{"line":12,"column":16},"end":{"line":12,"column":17}},"loc":{"start":{"line":12,"column":35},"end":{"line":14,"column":5}},"line":12},"2":{"name":"(anonymous_2)","decl":{"start":{"line":15,"column":15},"end":{"line":15,"column":16}},"loc":{"start":{"line":15,"column":26},"end":{"line":17,"column":5}},"line":15}},"branchMap":{},"s":{"0":3,"1":0,"2":0,"3":0,"4":3},"f":{"0":0,"1":0,"2":0},"b":{},"_coverageSchema":"1a1c01bbd47fc00a2c39e90264f33305004495a9","hash":"89cb752aa55099921ca887de2e5e3424590f1d7a"}
,"C:\\Users\\sonuh\\OneDrive\\Desktop\\PetPuja\\src\\utils\\helper.js": {"path":"C:\\Users\\sonuh\\OneDrive\\Desktop\\PetPuja\\src\\utils\\helper.js","statementMap":{"0":{"start":{"line":2,"column":21},"end":{"line":4,"column":3}},"1":{"start":{"line":3,"column":4},"end":{"line":3,"column":76}},"2":{"start":{"line":5,"column":2},"end":{"line":5,"column":20}}},"fnMap":{"0":{"name":"filterData","decl":{"start":{"line":1,"column":16},"end":{"line":1,"column":26}},"loc":{"start":{"line":1,"column":52},"end":{"line":6,"column":1}},"line":1},"1":{"name":"(anonymous_1)","decl":{"start":{"line":2,"column":40},"end":{"line":2,"column":41}},"loc":{"start":{"line":3,"column":4},"end":{"line":3,"column":76}},"line":3}},"branchMap":{},"s":{"0":1,"1":8,"2":1},"f":{"0":1,"1":8},"b":{},"_coverageSchema":"1a1c01bbd47fc00a2c39e90264f33305004495a9","hash":"43a416b51c27c4a4755524f03c669982e921a15a"}
,"C:\\Users\\sonuh\\OneDrive\\Desktop\\PetPuja\\src\\utils\\store.js": {"path":"C:\\Users\\sonuh\\OneDrive\\Desktop\\PetPuja\\src\\utils\\store.js","statementMap":{"0":{"start":{"line":4,"column":14},"end":{"line":8,"column":2}}},"fnMap":{},"branchMap":{},"s":{"0":3},"f":{},"b":{},"_coverageSchema":"1a1c01bbd47fc00a2c39e90264f33305004495a9","hash":"3d45de5b079794a2d418d6e50c3242c782dabaf4"}
,"C:\\Users\\sonuh\\OneDrive\\Desktop\\PetPuja\\src\\utils\\useOnline.js": {"path":"C:\\Users\\sonuh\\OneDrive\\Desktop\\PetPuja\\src\\utils\\useOnline.js","statementMap":{"0":{"start":{"line":3,"column":18},"end":{"line":25,"column":1}},"1":{"start":{"line":4,"column":34},"end":{"line":4,"column":48}},"2":{"start":{"line":6,"column":23},"end":{"line":8,"column":3}},"3":{"start":{"line":7,"column":4},"end":{"line":7,"column":22}},"4":{"start":{"line":10,"column":24},"end":{"line":12,"column":3}},"5":{"start":{"line":11,"column":4},"end":{"line":11,"column":23}},"6":{"start":{"line":14,"column":2},"end":{"line":22,"column":9}},"7":{"start":{"line":15,"column":4},"end":{"line":15,"column":52}},"8":{"start":{"line":16,"column":4},"end":{"line":16,"column":54}},"9":{"start":{"line":18,"column":4},"end":{"line":21,"column":6}},"10":{"start":{"line":19,"column":6},"end":{"line":19,"column":57}},"11":{"start":{"line":20,"column":6},"end":{"line":20,"column":59}},"12":{"start":{"line":24,"column":2},"end":{"line":24,"column":18}}},"fnMap":{"0":{"name":"(anonymous_0)","decl":{"start":{"line":3,"column":18},"end":{"line":3,"column":19}},"loc":{"start":{"line":3,"column":24},"end":{"line":25,"column":1}},"line":3},"1":{"name":"(anonymous_1)","decl":{"start":{"line":6,"column":23},"end":{"line":6,"column":24}},"loc":{"start":{"line":6,"column":29},"end":{"line":8,"column":3}},"line":6},"2":{"name":"(anonymous_2)","decl":{"start":{"line":10,"column":24},"end":{"line":10,"column":25}},"loc":{"start":{"line":10,"column":30},"end":{"line":12,"column":3}},"line":10},"3":{"name":"(anonymous_3)","decl":{"start":{"line":14,"column":12},"end":{"line":14,"column":13}},"loc":{"start":{"line":14,"column":18},"end":{"line":22,"column":3}},"line":14},"4":{"name":"(anonymous_4)","decl":{"start":{"line":18,"column":11},"end":{"line":18,"column":12}},"loc":{"start":{"line":18,"column":17},"end":{"line":21,"column":5}},"line":18}},"branchMap":{},"s":{"0":3,"1":11,"2":11,"3":0,"4":11,"5":0,"6":11,"7":7,"8":7,"9":7,"10":7,"11":7,"12":11},"f":{"0":11,"1":0,"2":0,"3":7,"4":7},"b":{},"_coverageSchema":"1a1c01bbd47fc00a2c39e90264f33305004495a9","hash":"4fde1b027f4a063c310bbe65225b6ccf05319e44"}
,"C:\\Users\\sonuh\\OneDrive\\Desktop\\PetPuja\\src\\utils\\useRestaurant.js": {"path":"C:\\Users\\sonuh\\OneDrive\\Desktop\\PetPuja\\src\\utils\\useRestaurant.js","statementMap":{"0":{"start":{"line":3,"column":23},"end":{"line":34,"column":1}},"1":{"start":{"line":4,"column":38},"end":{"line":4,"column":50}},"2":{"start":{"line":5,"column":34},"end":{"line":5,"column":46}},"3":{"start":{"line":7,"column":2},"end":{"line":9,"column":9}},"4":{"start":{"line":8,"column":4},"end":{"line":8,"column":24}},"5":{"start":{"line":12,"column":17},"end":{"line":14,"column":5}},"6":{"start":{"line":15,"column":17},"end":{"line":15,"column":34}},"7":{"start":{"line":17,"column":4},"end":{"line":17,"column":56}},"8":{"start":{"line":18,"column":4},"end":{"line":18,"column":58}},"9":{"start":{"line":21,"column":6},"end":{"line":22,"column":25}},"10":{"start":{"line":24,"column":18},"end":{"line":26,"column":6}},"11":{"start":{"line":25,"column":6},"end":{"line":25,"column":34}},"12":{"start":{"line":28,"column":4},"end":{"line":28,"column":23}},"13":{"start":{"line":29,"column":4},"end":{"line":29,"column":23}},"14":{"start":{"line":33,"column":2},"end":{"line":33,"column":34}}},"fnMap":{"0":{"name":"(anonymous_0)","decl":{"start":{"line":3,"column":23},"end":{"line":3,"column":24}},"loc":{"start":{"line":3,"column":31},"end":{"line":34,"column":1}},"line":3},"1":{"name":"(anonymous_1)","decl":{"start":{"line":7,"column":12},"end":{"line":7,"column":13}},"loc":{"start":{"line":7,"column":18},"end":{"line":9,"column":3}},"line":7},"2":{"name":"getRestaurantInfo","decl":{"start":{"line":11,"column":17},"end":{"line":11,"column":34}},"loc":{"start":{"line":11,"column":37},"end":{"line":30,"column":3}},"line":11},"3":{"name":"(anonymous_3)","decl":{"start":{"line":24,"column":32},"end":{"line":24,"column":33}},"loc":{"start":{"line":24,"column":53},"end":{"line":26,"column":5}},"line":24}},"branchMap":{},"s":{"0":1,"1":1,"2":1,"3":1,"4":1,"5":1,"6":1,"7":1,"8":1,"9":1,"10":1,"11":14,"12":1,"13":1,"14":1},"f":{"0":1,"1":1,"2":1,"3":14},"b":{},"_coverageSchema":"1a1c01bbd47fc00a2c39e90264f33305004495a9","hash":"c27e235b0a5736c5c6aeafdeef59b806a16eab2b"}
}
