TN:
SF:src\Constants.js
FNF:0
FNH:0
DA:2,2
LF:1
LH:1
BRF:0
BRH:0
end_of_record
TN:
SF:src\components\Body.js
FN:10,(anonymous_0)
FN:17,(anonymous_1)
FN:21,(anonymous_2)
FN:63,(anonymous_3)
FN:69,(anonymous_4)
FN:81,(anonymous_5)
FNF:6
FNH:6
FNDA:8,(anonymous_0)
FNDA:3,(anonymous_1)
FNDA:3,(anonymous_2)
FNDA:1,(anonymous_3)
FNDA:1,(anonymous_4)
FNDA:29,(anonymous_5)
DA:10,1
DA:11,8
DA:13,7
DA:14,7
DA:15,7
DA:17,7
DA:18,3
DA:21,7
DA:22,3
DA:25,3
DA:27,3
DA:30,3
DA:35,7
DA:37,7
DA:39,7
DA:40,0
DA:50,7
DA:52,7
DA:63,1
DA:71,1
DA:73,1
DA:82,29
LF:22
LH:21
BRDA:39,0,0,0
BRDA:39,0,1,7
BRDA:50,1,0,0
BRDA:50,1,1,7
BRDA:52,2,0,3
BRDA:52,2,1,4
BRF:6
BRH:4
end_of_record
TN:
SF:src\components\Header.js
FN:8,(anonymous_0)
FN:14,(anonymous_1)
FN:20,(anonymous_2)
FN:66,(anonymous_3)
FN:73,(anonymous_4)
FNF:5
FNH:3
FNDA:4,(anonymous_0)
FNDA:4,(anonymous_1)
FNDA:8,(anonymous_2)
FNDA:0,(anonymous_3)
FNDA:0,(anonymous_4)
DA:8,2
DA:9,4
DA:14,2
DA:15,4
DA:16,4
DA:18,4
DA:20,8
DA:21,4
DA:23,4
DA:66,0
DA:73,0
LF:11
LH:9
BRDA:59,0,0,4
BRDA:59,0,1,0
BRDA:63,1,0,0
BRDA:63,1,1,4
BRF:4
BRH:2
end_of_record
TN:
SF:src\components\RestaurantCard.js
FN:4,(anonymous_0)
FNF:1
FNH:1
FNDA:29,(anonymous_0)
DA:4,1
DA:12,29
LF:2
LH:2
BRDA:27,0,0,29
BRDA:27,0,1,0
BRF:2
BRH:1
end_of_record
TN:
SF:src\components\RestrauntMenu.js
FN:9,(anonymous_0)
FN:15,(anonymous_1)
FN:40,(anonymous_2)
FN:49,(anonymous_3)
FNF:4
FNH:1
FNDA:1,(anonymous_0)
FNDA:0,(anonymous_1)
FNDA:0,(anonymous_2)
FNDA:0,(anonymous_3)
DA:9,1
DA:10,1
DA:11,1
DA:13,1
DA:15,1
DA:16,0
DA:19,1
DA:41,0
DA:49,0
LF:9
LH:6
BRDA:19,0,0,0
BRDA:19,0,1,1
BRF:2
BRH:1
end_of_record
TN:
SF:src\components\Shimmer.js
FN:1,(anonymous_0)
FN:6,(anonymous_1)
FNF:2
FNH:2
FNDA:3,(anonymous_0)
FNDA:60,(anonymous_1)
DA:1,2
DA:2,3
DA:7,60
LF:3
LH:3
BRF:0
BRH:0
end_of_record
TN:
SF:src\components\sum.js
FN:1,(anonymous_0)
FNF:1
FNH:1
FNDA:1,(anonymous_0)
DA:1,1
LF:1
LH:1
BRF:0
BRH:0
end_of_record
TN:
SF:src\mocks\data.js
FNF:0
FNH:0
DA:1,2
DA:163375,2
LF:2
LH:2
BRF:0
BRH:0
end_of_record
TN:
SF:src\mocks\dummyLogo.js
FNF:0
FNH:0
LF:0
LH:0
BRF:0
BRH:0
end_of_record
TN:
SF:src\utils\UserContext.js
FNF:0
FNH:0
DA:3,3
DA:9,3
LF:2
LH:2
BRF:0
BRH:0
end_of_record
TN:
SF:src\utils\cartSlice.js
FN:9,(anonymous_0)
FN:12,(anonymous_1)
FN:15,(anonymous_2)
FNF:3
FNH:0
FNDA:0,(anonymous_0)
FNDA:0,(anonymous_1)
FNDA:0,(anonymous_2)
DA:3,3
DA:10,0
DA:13,0
DA:16,0
DA:21,3
LF:5
LH:2
BRF:0
BRH:0
end_of_record
TN:
SF:src\utils\helper.js
FN:1,filterData
FN:2,(anonymous_1)
FNF:2
FNH:2
FNDA:1,filterData
FNDA:8,(anonymous_1)
DA:2,1
DA:3,8
DA:5,1
LF:3
LH:3
BRF:0
BRH:0
end_of_record
TN:
SF:src\utils\store.js
FNF:0
FNH:0
DA:4,3
LF:1
LH:1
BRF:0
BRH:0
end_of_record
TN:
SF:src\utils\useOnline.js
FN:3,(anonymous_0)
FN:6,(anonymous_1)
FN:10,(anonymous_2)
FN:14,(anonymous_3)
FN:18,(anonymous_4)
FNF:5
FNH:3
FNDA:11,(anonymous_0)
FNDA:0,(anonymous_1)
FNDA:0,(anonymous_2)
FNDA:7,(anonymous_3)
FNDA:7,(anonymous_4)
DA:3,3
DA:4,11
DA:6,11
DA:7,0
DA:10,11
DA:11,0
DA:14,11
DA:15,7
DA:16,7
DA:18,7
DA:19,7
DA:20,7
DA:24,11
LF:13
LH:11
BRF:0
BRH:0
end_of_record
TN:
SF:src\utils\useRestaurant.js
FN:3,(anonymous_0)
FN:7,(anonymous_1)
FN:11,getRestaurantInfo
FN:24,(anonymous_3)
FNF:4
FNH:4
FNDA:1,(anonymous_0)
FNDA:1,(anonymous_1)
FNDA:1,getRestaurantInfo
FNDA:14,(anonymous_3)
DA:3,1
DA:4,1
DA:5,1
DA:7,1
DA:8,1
DA:12,1
DA:15,1
DA:17,1
DA:18,1
DA:21,1
DA:24,1
DA:25,14
DA:28,1
DA:29,1
DA:33,1
LF:15
LH:15
BRF:0
BRH:0
end_of_record
